<?xml version="1.0" encoding="UTF-8"?>
<!-- Generated by org.testng.reporters.JUnitReportReporter -->
<testsuite hostname="VincentLaptop" failures="0" tests="2" name="net.dirksonline.securiteasetechassessment.APITest" time="2.091" errors="0" timestamp="2023-10-01T10:38:20 NZDT" skipped="0">
  <testcase classname="net.dirksonline.securiteasetechassessment.APITest" name="testGetUsersPage2" time="0.175"/>
  <testcase classname="net.dirksonline.securiteasetechassessment.APITest" name="testGetUsers" time="1.916"/>
</testsuite> <!-- net.dirksonline.securiteasetechassessment.APITest -->
